<?xml version="1.0" encoding="UTF-8"?>
<testng-results ignored="0" total="1" passed="1" failed="0" skipped="0">
  <reporter-output>
  </reporter-output>
  <suite started-at="2024-03-24T09:55:24 IST" name="Suite" finished-at="2024-03-24T09:55:52 IST" duration-ms="28751">
    <groups>
    </groups>
    <test started-at="2024-03-24T09:55:24 IST" name="Test" finished-at="2024-03-24T09:55:52 IST" duration-ms="28751">
      <class name="AllTestCases.TestCases">
        <test-method is-config="true" signature="LaunchApp()[pri:0, instance:AllTestCases.TestCases@28261e8e]" started-at="2024-03-24T09:55:24 IST" name="LaunchApp" finished-at="2024-03-24T09:55:44 IST" duration-ms="20451" status="PASS">
          <reporter-output>
          </reporter-output>
        </test-method> <!-- LaunchApp -->
        <test-method signature="Testcase1()[pri:0, instance:AllTestCases.TestCases@28261e8e]" started-at="2024-03-24T09:55:44 IST" name="Testcase1" finished-at="2024-03-24T09:55:52 IST" duration-ms="7944" status="PASS">
          <reporter-output>
          </reporter-output>
        </test-method> <!-- Testcase1 -->
      </class> <!-- AllTestCases.TestCases -->
    </test> <!-- Test -->
  </suite> <!-- Suite -->
</testng-results>
